<?xml version="1.0" encoding="UTF-8"?>
<!-- Generated by org.testng.reporters.JUnitReportReporter -->
<testsuite hostname="ASUS-LP" failures="0" tests="1" name="com.google.FirstTest" time="3.355" errors="0" timestamp="26 feb 2025 20:56:37 GMT" skipped="0">
  <testcase classname="com.google.FirstTest" name="googleTest" time="3.355"/>
</testsuite> <!-- com.google.FirstTest -->
