<?xml version="1.0" encoding="UTF-8"?>
<!-- Generated by org.testng.reporters.JUnitReportReporter -->
<testsuite hostname="ASUS-LP" failures="0" tests="1" name="com.open.source.Admin" time="37.657" errors="0" timestamp="05 mar 2025 00:07:23 GMT" skipped="0">
  <testcase classname="com.open.source.Admin" name="TC003_Admin_AddNewUser" time="37.657"/>
</testsuite> <!-- com.open.source.Admin -->
