<?xml version="1.0" encoding="UTF-8"?>
<!-- Generated by org.testng.reporters.JUnitReportReporter -->
<testsuite hostname="ASUS-LP" failures="0" tests="1" name="com.open.source.Admin" time="19.870" errors="0" timestamp="12 abr 2025 22:17:20 GMT" skipped="0">
  <testcase classname="com.open.source.Admin" name="tc001AdminSearchEmployed" time="19.870"/>
</testsuite> <!-- com.open.source.Admin -->
