<?xml version="1.0" encoding="UTF-8"?>
<!-- Generated by org.testng.reporters.JUnitReportReporter -->
<testsuite hostname="ASUS-LP" failures="0" tests="1" name="com.orange.LoginTest" time="11.085" errors="0" timestamp="24 abr 2025 22:55:41 GMT" skipped="0">
  <testcase classname="com.orange.LoginTest" name="tc001" time="11.085"/>
</testsuite> <!-- com.orange.LoginTest -->
