<?xml version="1.0" encoding="UTF-8"?>
<!-- Generated by org.testng.reporters.JUnitReportReporter -->
<testsuite hostname="ASUS-LP" failures="0" tests="1" name="com.google.TestPageFacebook" time="3.134" errors="0" timestamp="26 feb 2025 21:47:33 GMT" skipped="0">
  <testcase classname="com.google.TestPageFacebook" name="facebookTest" time="3.134"/>
</testsuite> <!-- com.google.TestPageFacebook -->
