<?xml version="1.0" encoding="UTF-8"?>
<!-- Generated by org.testng.reporters.JUnitReportReporter -->
<testsuite hostname="ASUS-LP" failures="0" tests="1" name="com.google.TestPageFacebook" time="3.866" errors="0" timestamp="12 abr 2025 22:12:43 GMT" skipped="0">
  <testcase classname="com.google.TestPageFacebook" name="facebookTest" time="3.866"/>
</testsuite> <!-- com.google.TestPageFacebook -->
