<?xml version="1.0" encoding="UTF-8"?>
<!-- Generated by org.testng.reporters.JUnitReportReporter -->
<testsuite hostname="ASUS-LP" failures="0" tests="1" name="com.google.FirstTest" time="3.140" errors="0" timestamp="03 feb 2025 00:33:54 GMT" skipped="0">
  <testcase classname="com.google.FirstTest" name="googleTest" time="3.140"/>
</testsuite> <!-- com.google.FirstTest -->
