<?xml version="1.0" encoding="UTF-8"?>
<!-- Generated by org.testng.reporters.JUnitReportReporter -->
<testsuite hostname="ASUS-LP" failures="0" tests="1" name="com.google.TestPageFacebook" time="3.244" errors="0" timestamp="07 feb 2025 19:16:16 GMT" skipped="0">
  <testcase classname="com.google.TestPageFacebook" name="facebookTest" time="3.244"/>
</testsuite> <!-- com.google.TestPageFacebook -->
