<?xml version="1.0" encoding="UTF-8"?>
<!-- Generated by org.testng.reporters.JUnitReportReporter -->
<testsuite hostname="ASUS-LP" failures="0" tests="1" name="com.open.source.Admin" time="7.176" errors="0" timestamp="25 abr 2025 17:48:15 GMT" skipped="0">
  <testcase classname="com.open.source.Admin" name="TC007_Validate_Invalid_Password" time="7.176"/>
</testsuite> <!-- com.open.source.Admin -->
